c:\users\bentayeb\source\repos\snailg\snailg\debug\vc141.pdb
c:\users\bentayeb\source\repos\snailg\snailg\debug\.netframework,version=v4.0.assemblyattributes.obj
c:\users\bentayeb\source\repos\snailg\snailg\debug\.netframework,version=v4.0.assemblyattributes.asm
c:\users\bentayeb\source\repos\snailg\snailg\debug\semantique.obj
c:\users\bentayeb\source\repos\snailg\snailg\debug\lexical.obj
c:\users\bentayeb\source\repos\snailg\snailg\debug\myform2.obj
c:\users\bentayeb\source\repos\snailg\snailg\debug\home.obj
c:\users\bentayeb\source\repos\snailg\snailg\debug\tokenform.obj
c:\users\bentayeb\source\repos\snailg\snailg\debug\syntaxique.obj
c:\users\bentayeb\source\repos\snailg\snailg\debug\token.obj
c:\users\bentayeb\source\repos\snailg\debug\snailg.exe
c:\users\bentayeb\source\repos\snailg\debug\snailg.pdb
c:\users\bentayeb\source\repos\snailg\snailg\debug\snailg.home.resources
c:\users\bentayeb\source\repos\snailg\snailg\debug\snailg.myform2.resources
c:\users\bentayeb\source\repos\snailg\snailg\debug\snailg.tokenform.resources
c:\users\bentayeb\source\repos\snailg\snailg\debug\snailg.vcxproj.generateresource.cache
c:\users\bentayeb\source\repos\snailg\snailg\debug\snailg.vcxprojassemblyreference.cache
c:\users\bentayeb\source\repos\snailg\snailg\debug\snailg.tlog\cl.command.1.tlog
c:\users\bentayeb\source\repos\snailg\snailg\debug\snailg.tlog\cl.read.1.tlog
c:\users\bentayeb\source\repos\snailg\snailg\debug\snailg.tlog\cl.write.1.tlog
c:\users\bentayeb\source\repos\snailg\snailg\debug\snailg.tlog\link.command.1.tlog
c:\users\bentayeb\source\repos\snailg\snailg\debug\snailg.tlog\link.read.1.tlog
c:\users\bentayeb\source\repos\snailg\snailg\debug\snailg.tlog\link.write.1.tlog
c:\users\bentayeb\source\repos\snailg\snailg\debug\snailg.tlog\metagen.read.1.tlog
c:\users\bentayeb\source\repos\snailg\snailg\debug\snailg.tlog\metagen.write.1.tlog
c:\users\bentayeb\source\repos\snailg\snailg\debug\snailg.tlog\snailg.write.1u.tlog
