c:\users\bentayeb\documents\github\snailcompilateur\src\debug\vc141.pdb
c:\users\bentayeb\documents\github\snailcompilateur\src\debug\vc141.idb
c:\users\bentayeb\documents\github\snailcompilateur\src\debug\syntaxique.obj
c:\users\bentayeb\documents\github\snailcompilateur\src\debug\semantique.obj
c:\users\bentayeb\documents\github\snailcompilateur\src\debug\lexical.obj
c:\users\bentayeb\documents\github\snailcompilateur\src\debug\main.obj
c:\users\bentayeb\documents\github\snailcompilateur\src\debug\token.obj
c:\users\bentayeb\documents\github\snailcompilateur\src\debug\main.obj.enc
c:\users\bentayeb\documents\github\snailcompilateur\src\debug\snailcompilator2.pdb
c:\users\bentayeb\documents\github\snailcompilateur\src\debug\snailcompilator2.tlog\cl.command.1.tlog
c:\users\bentayeb\documents\github\snailcompilateur\src\debug\snailcompilator2.tlog\cl.read.1.tlog
c:\users\bentayeb\documents\github\snailcompilateur\src\debug\snailcompilator2.tlog\cl.write.1.tlog
c:\users\bentayeb\documents\github\snailcompilateur\src\debug\snailcompilator2.tlog\link-cvtres.read.1.tlog
c:\users\bentayeb\documents\github\snailcompilateur\src\debug\snailcompilator2.tlog\link-cvtres.write.1.tlog
c:\users\bentayeb\documents\github\snailcompilateur\src\debug\snailcompilator2.tlog\link-rc.read.1.tlog
c:\users\bentayeb\documents\github\snailcompilateur\src\debug\snailcompilator2.tlog\link-rc.write.1.tlog
c:\users\bentayeb\documents\github\snailcompilateur\src\debug\snailcompilator2.tlog\link.3224-cvtres.read.1.tlog
c:\users\bentayeb\documents\github\snailcompilateur\src\debug\snailcompilator2.tlog\link.3224-cvtres.write.1.tlog
c:\users\bentayeb\documents\github\snailcompilateur\src\debug\snailcompilator2.tlog\link.3224-rc.read.1.tlog
c:\users\bentayeb\documents\github\snailcompilateur\src\debug\snailcompilator2.tlog\link.3224-rc.write.1.tlog
c:\users\bentayeb\documents\github\snailcompilateur\src\debug\snailcompilator2.tlog\link.3224.read.1.tlog
c:\users\bentayeb\documents\github\snailcompilateur\src\debug\snailcompilator2.tlog\link.3224.write.1.tlog
c:\users\bentayeb\documents\github\snailcompilateur\src\debug\snailcompilator2.tlog\link.command.1.tlog
c:\users\bentayeb\documents\github\snailcompilateur\src\debug\snailcompilator2.tlog\link.read.1.tlog
c:\users\bentayeb\documents\github\snailcompilateur\src\debug\snailcompilator2.tlog\link.write.1.tlog
